<?xml version="1.0" encoding="UTF-8"?>
<testng-results ignored="0" total="1" passed="1" failed="0" skipped="0">
  <reporter-output>
  </reporter-output>
  <suite started-at="2021-11-16T10:51:16 IST" name="suite" finished-at="2021-11-16T10:51:16 IST" duration-ms="23">
    <groups>
    </groups>
    <test started-at="2021-11-16T10:51:16 IST" name="api-test" finished-at="2021-11-16T10:51:16 IST" duration-ms="23">
      <class name="HelloWorld">
        <test-method signature="testHelloWorld()[pri:0, instance:HelloWorld@489115ef]" started-at="2021-11-16T10:51:16 IST" name="testHelloWorld" finished-at="2021-11-16T10:51:16 IST" duration-ms="2" status="PASS">
          <reporter-output>
          </reporter-output>
        </test-method> <!-- testHelloWorld -->
      </class> <!-- HelloWorld -->
    </test> <!-- api-test -->
  </suite> <!-- suite -->
</testng-results>
